Arguments: 
  C:\Users\julcz\AppData\Local\nvs\default\node.exe C:\Users\julcz\.yarn\releases\yarn-1.22.15.cjs add jest jest-ts -D

PATH: 
  C:\Program Files\WindowsApps\Microsoft.PowerShell_7.2.4.0_x64__8wekyb3d8bbwe;C:\Program Files (x86)\Common Files\Oracle\Java\javapath;C:\Windows\system32;C:\Windows;C:\Windows\System32\Wbem;C:\Windows\System32\WindowsPowerShell\v1.0\;C:\Windows\System32\OpenSSH\;C:\Program Files\Microsoft VS Code\bin;C:\ProgramData\chocolatey\bin;C:\Program Files (x86)\Microsoft SQL Server\150\Tools\Binn\;C:\Program Files\Microsoft SQL Server\150\Tools\Binn\;C:\Program Files\Microsoft SQL Server\150\DTS\Binn\;C:\Program Files\Microsoft SQL Server\Client SDK\ODBC\170\Tools\Binn\;C:\WINDOWS\system32;C:\WINDOWS;C:\WINDOWS\System32\Wbem;C:\WINDOWS\System32\WindowsPowerShell\v1.0\;C:\WINDOWS\System32\OpenSSH\;C:\php\php-7.4.24-Win32-vc15-x64;C:\ProgramData\ComposerSetup\bin;C:\programing\terraform_1.0.9_windows_amd64;C:\Program Files (x86)\NVIDIA Corporation\PhysX\Common;C:\Program Files\NVIDIA Corporation\NVIDIA NvDLISR;D:\platform-tools;C:\Program Files (x86)\Yarn\bin\;C:\flutter\bin;C:\Program Files\OpenJDK\openjdk-11.0.13_8\bin;C:\Program Files\Git\cmd;C:\Program Files (x86)\dotnet\;C:\WINDOWS\system32;C:\WINDOWS;C:\WINDOWS\System32\Wbem;C:\WINDOWS\System32\WindowsPowerShell\v1.0\;C:\WINDOWS\System32\OpenSSH\;C:\kotlinc\bin;;C:\Program Files\Docker\Docker\resources\bin;C:\ProgramData\DockerDesktop\version-bin;C:\Users\julcz\.cargo\bin;C:\Users\julcz\AppData\Local\Programs\Python\Python310\Scripts\;C:\Users\julcz\AppData\Local\Programs\Python\Python310\;C:\Users\julcz\AppData\Local\Microsoft\WindowsApps;C:\Users\julcz\AppData\Local\nvs\default;C:\Users\julcz\AppData\Local\nvs\;C:\Program Files\Azure Data Studio\bin;C:\Users\julcz\AppData\Roaming\Composer\vendor\bin;C:\Users\julcz\AppData\Local\Yarn\bin;C:\Program Files\heroku\bin;

Yarn version: 
  1.22.15

Node version: 
  14.18.0

Platform: 
  win32 x64

Trace: 
  Error: https://registry.yarnpkg.com/jest-ts: Not found
      at Request.params.callback [as _callback] (C:\Users\julcz\.yarn\releases\yarn-1.22.15.cjs:78559:18)
      at Request.self.callback (C:\Users\julcz\.yarn\releases\yarn-1.22.15.cjs:135290:22)
      at Request.emit (events.js:400:28)
      at Request.<anonymous> (C:\Users\julcz\.yarn\releases\yarn-1.22.15.cjs:136262:10)
      at Request.emit (events.js:400:28)
      at IncomingMessage.<anonymous> (C:\Users\julcz\.yarn\releases\yarn-1.22.15.cjs:136184:12)
      at Object.onceWrapper (events.js:519:28)
      at IncomingMessage.emit (events.js:412:35)
      at endReadableNT (internal/streams/readable.js:1334:12)
      at processTicksAndRejections (internal/process/task_queues.js:82:21)

npm manifest: 
  {
    "name": "tdd",
    "version": "1.0.0",
    "main": "index.js",
    "author": "julczar",
    "license": "MIT"
  }

yarn manifest: 
  No manifest

Lockfile: 
  No lockfile
